android/19851002_娄建鹏/DefenceItems/app/build/intermediates/manifest_merge_blame_file/debug/manifest-merger-blame-debug-report.txt
1<?xml version="1.0" encoding="utf-8"?>
2<manifest xmlns:android="http://schemas.android.com/apk/res/android"
3    package="com.ljp.defenceitems"
4    android:versionCode="1"
5    android:versionName="1.0" >
6
7    <uses-sdk
8        android:minSdkVersion="31"
8-->src\main\AndroidManifest.xml
9        android:targetSdkVersion="31" />
9-->src\main\AndroidManifest.xml
10    <!-- //设置网络权限 -->
11    <uses-permission android:name="android.permission.INTERNET" />
11-->src\main\AndroidManifest.xml:5:5-67
11-->src\main\AndroidManifest.xml:5:22-64
12
13    <application
13-->src\main\AndroidManifest.xml:7:5-30:19
14        android:allowBackup="true"
14-->src\main\AndroidManifest.xml:8:9-35
15        android:appComponentFactory="androidx.core.app.CoreComponentFactory"
15-->[androidx.core:core:1.5.0] AndroidManifest.xml:24:18-86
16        android:debuggable="true"
17        android:extractNativeLibs="false"
18        android:icon="@mipmap/ic_launcher"
18-->src\main\AndroidManifest.xml:9:9-43
19        android:label="@string/app_name"
19-->src\main\AndroidManifest.xml:10:9-41
20        android:networkSecurityConfig="@xml/network"
20-->src\main\AndroidManifest.xml:11:9-53
21        android:roundIcon="@mipmap/ic_launcher_round"
21-->src\main\AndroidManifest.xml:12:9-54
22        android:supportsRtl="true"
22-->src\main\AndroidManifest.xml:13:9-35
23        android:testOnly="true"
24        android:theme="@style/Theme.DefenceItems" >
24-->src\main\AndroidManifest.xml:14:9-50
25        <activity
25-->src\main\AndroidManifest.xml:15:9-23:20
26            android:name="com.ljp.defenceitems.ThirdActivity"
26-->src\main\AndroidManifest.xml:16:13-62
27            android:exported="true" >
27-->src\main\AndroidManifest.xml:17:13-36
28            <intent-filter>
28-->src\main\AndroidManifest.xml:18:9-22:25
29                <action android:name="android.intent.action.MAIN" />
29-->src\main\AndroidManifest.xml:19:13-65
29-->src\main\AndroidManifest.xml:19:21-62
30
31                <category android:name="android.intent.category.LAUNCHER" />
31-->src\main\AndroidManifest.xml:21:13-73
31-->src\main\AndroidManifest.xml:21:23-70
32            </intent-filter>
33        </activity>
34        <activity
34-->src\main\AndroidManifest.xml:24:9-26:40
35            android:name="com.ljp.defenceitems.SecondActivity"
35-->src\main\AndroidManifest.xml:25:13-63
36            android:exported="false" />
36-->src\main\AndroidManifest.xml:26:13-37
37        <activity
37-->src\main\AndroidManifest.xml:27:9-29:39
38            android:name="com.ljp.defenceitems.MainActivity"
38-->src\main\AndroidManifest.xml:28:13-61
39            android:exported="false" />
39-->src\main\AndroidManifest.xml:29:13-37
40    </application>
41
42</manifest>